# JRE version: Java(TM) SE Runtime Environment (8.0_191-b12) (build 1.8.0_191-b12)
# Java VM: Java HotSpot(TM) 64-Bit Server VM (25.191-b12 mixed mode windows-amd64 compressed oops)
Heap:
 PSYoungGen      total 140800K, used 90135K [0x000000076b780000, 0x0000000774b80000, 0x00000007c0000000)
  eden space 130048K, 69% used [0x000000076b780000,0x0000000770f85f50,0x0000000773680000)
  from space 10752K, 0% used [0x0000000774100000,0x0000000774100000,0x0000000774b80000)
  to   space 10752K, 0% used [0x0000000773680000,0x0000000773680000,0x0000000774100000)
 ParOldGen       total 87552K, used 7344K [0x00000006c2600000, 0x00000006c7b80000, 0x000000076b780000)
  object space 87552K, 8% used [0x00000006c2600000,0x00000006c2d2c1d8,0x00000006c7b80000)
 Metaspace       used 23936K, capacity 24818K, committed 24960K, reserved 1071104K
  class space    used 3186K, capacity 3392K, committed 3456K, reserved 1048576K
GC Heap History (10 events):
Event: 2.522 GC heap before
{Heap before GC invocations=1 (full 0):
 PSYoungGen      total 75776K, used 65024K [0x000000076b780000, 0x0000000770c00000, 0x00000007c0000000)
  eden space 65024K, 100% used [0x000000076b780000,0x000000076f700000,0x000000076f700000)
  from space 10752K, 0% used [0x0000000770180000,0x0000000770180000,0x0000000770c00000)
  to   space 10752K, 0% used [0x000000076f700000,0x000000076f700000,0x0000000770180000)
 ParOldGen       total 173568K, used 0K [0x00000006c2600000, 0x00000006ccf80000, 0x000000076b780000)
  object space 173568K, 0% used [0x00000006c2600000,0x00000006c2600000,0x00000006ccf80000)
 Metaspace       used 10203K, capacity 10440K, committed 10752K, reserved 1058816K
  class space    used 1207K, capacity 1266K, committed 1280K, reserved 1048576K
Event: 2.531 GC heap after
Heap after GC invocations=1 (full 0):
 PSYoungGen      total 75776K, used 7889K [0x000000076b780000, 0x0000000770c00000, 0x00000007c0000000)
  eden space 65024K, 0% used [0x000000076b780000,0x000000076b780000,0x000000076f700000)
  from space 10752K, 73% used [0x000000076f700000,0x000000076feb45a0,0x0000000770180000)
  to   space 10752K, 0% used [0x0000000770180000,0x0000000770180000,0x0000000770c00000)
 ParOldGen       total 173568K, used 16K [0x00000006c2600000, 0x00000006ccf80000, 0x000000076b780000)
  object space 173568K, 0% used [0x00000006c2600000,0x00000006c2604000,0x00000006ccf80000)
 Metaspace       used 10203K, capacity 10440K, committed 10752K, reserved 1058816K
  class space    used 1207K, capacity 1266K, committed 1280K, reserved 1048576K
}
Event: 2.800 GC heap before
{Heap before GC invocations=2 (full 0):
 PSYoungGen      total 75776K, used 72913K [0x000000076b780000, 0x0000000770c00000, 0x00000007c0000000)
  eden space 65024K, 100% used [0x000000076b780000,0x000000076f700000,0x000000076f700000)
  from space 10752K, 73% used [0x000000076f700000,0x000000076feb45a0,0x0000000770180000)
  to   space 10752K, 0% used [0x0000000770180000,0x0000000770180000,0x0000000770c00000)
 ParOldGen       total 173568K, used 16K [0x00000006c2600000, 0x00000006ccf80000, 0x000000076b780000)
  object space 173568K, 0% used [0x00000006c2600000,0x00000006c2604000,0x00000006ccf80000)
 Metaspace       used 13775K, capacity 14204K, committed 14336K, reserved 1062912K
  class space    used 1682K, capacity 1785K, committed 1792K, reserved 1048576K
Event: 2.808 GC heap after
Heap after GC invocations=2 (full 0):
 PSYoungGen      total 75776K, used 8241K [0x000000076b780000, 0x0000000774b80000, 0x00000007c0000000)
  eden space 65024K, 0% used [0x000000076b780000,0x000000076b780000,0x000000076f700000)
  from space 10752K, 76% used [0x0000000770180000,0x000000077098c5f0,0x0000000770c00000)
  to   space 10752K, 0% used [0x000000076f700000,0x000000076f700000,0x0000000770180000)
 ParOldGen       total 173568K, used 24K [0x00000006c2600000, 0x00000006ccf80000, 0x000000076b780000)
  object space 173568K, 0% used [0x00000006c2600000,0x00000006c2606000,0x00000006ccf80000)
 Metaspace       used 13775K, capacity 14204K, committed 14336K, reserved 1062912K
  class space    used 1682K, capacity 1785K, committed 1792K, reserved 1048576K
}
Event: 4.909 GC heap before
{Heap before GC invocations=3 (full 0):
 PSYoungGen      total 75776K, used 73265K [0x000000076b780000, 0x0000000774b80000, 0x00000007c0000000)
  eden space 65024K, 100% used [0x000000076b780000,0x000000076f700000,0x000000076f700000)
  from space 10752K, 76% used [0x0000000770180000,0x000000077098c5f0,0x0000000770c00000)
  to   space 10752K, 0% used [0x000000076f700000,0x000000076f700000,0x0000000770180000)
 ParOldGen       total 173568K, used 24K [0x00000006c2600000, 0x00000006ccf80000, 0x000000076b780000)
  object space 173568K, 0% used [0x00000006c2600000,0x00000006c2606000,0x00000006ccf80000)
 Metaspace       used 17821K, capacity 18354K, committed 18560K, reserved 1064960K
  class space    used 2282K, capacity 2418K, committed 2432K, reserved 1048576K
Event: 4.915 GC heap after
Heap after GC invocations=3 (full 0):
 PSYoungGen      total 75776K, used 8724K [0x000000076b780000, 0x0000000774b80000, 0x00000007c0000000)
  eden space 65024K, 0% used [0x000000076b780000,0x000000076b780000,0x000000076f700000)
  from space 10752K, 81% used [0x000000076f700000,0x000000076ff850f0,0x0000000770180000)
  to   space 10752K, 0% used [0x0000000774100000,0x0000000774100000,0x0000000774b80000)
 ParOldGen       total 173568K, used 32K [0x00000006c2600000, 0x00000006ccf80000, 0x000000076b780000)
  object space 173568K, 0% used [0x00000006c2600000,0x00000006c2608000,0x00000006ccf80000)
 Metaspace       used 17821K, capacity 18354K, committed 18560K, reserved 1064960K
  class space    used 2282K, capacity 2418K, committed 2432K, reserved 1048576K
}
Event: 5.175 GC heap before
{Heap before GC invocations=4 (full 0):
 PSYoungGen      total 75776K, used 37925K [0x000000076b780000, 0x0000000774b80000, 0x00000007c0000000)
  eden space 65024K, 44% used [0x000000076b780000,0x000000076d4045d0,0x000000076f700000)
  from space 10752K, 81% used [0x000000076f700000,0x000000076ff850f0,0x0000000770180000)
  to   space 10752K, 0% used [0x0000000774100000,0x0000000774100000,0x0000000774b80000)
 ParOldGen       total 173568K, used 32K [0x00000006c2600000, 0x00000006ccf80000, 0x000000076b780000)
  object space 173568K, 0% used [0x00000006c2600000,0x00000006c2608000,0x00000006ccf80000)
 Metaspace       used 20572K, capacity 21228K, committed 21296K, reserved 1067008K
  class space    used 2704K, capacity 2893K, committed 2944K, reserved 1048576K
Event: 5.184 GC heap after
Heap after GC invocations=4 (full 0):
 PSYoungGen      total 140800K, used 7463K [0x000000076b780000, 0x0000000774b80000, 0x00000007c0000000)
  eden space 130048K, 0% used [0x000000076b780000,0x000000076b780000,0x0000000773680000)
  from space 10752K, 69% used [0x0000000774100000,0x0000000774849ff8,0x0000000774b80000)
  to   space 10752K, 0% used [0x0000000773680000,0x0000000773680000,0x0000000774100000)
 ParOldGen       total 173568K, used 104K [0x00000006c2600000, 0x00000006ccf80000, 0x000000076b780000)
  object space 173568K, 0% used [0x00000006c2600000,0x00000006c261a010,0x00000006ccf80000)
 Metaspace       used 20572K, capacity 21228K, committed 21296K, reserved 1067008K
  class space    used 2704K, capacity 2893K, committed 2944K, reserved 1048576K
}
Event: 5.185 GC heap before
{Heap before GC invocations=5 (full 1):
 PSYoungGen      total 140800K, used 7463K [0x000000076b780000, 0x0000000774b80000, 0x00000007c0000000)
  eden space 130048K, 0% used [0x000000076b780000,0x000000076b780000,0x0000000773680000)
  from space 10752K, 69% used [0x0000000774100000,0x0000000774849ff8,0x0000000774b80000)
  to   space 10752K, 0% used [0x0000000773680000,0x0000000773680000,0x0000000774100000)
 ParOldGen       total 173568K, used 104K [0x00000006c2600000, 0x00000006ccf80000, 0x000000076b780000)
  object space 173568K, 0% used [0x00000006c2600000,0x00000006c261a010,0x00000006ccf80000)
 Metaspace       used 20572K, capacity 21228K, committed 21296K, reserved 1067008K
  class space    used 2704K, capacity 2893K, committed 2944K, reserved 1048576K
Event: 5.211 GC heap after
Heap after GC invocations=5 (full 1):
 PSYoungGen      total 140800K, used 0K [0x000000076b780000, 0x0000000774b80000, 0x00000007c0000000)
  eden space 130048K, 0% used [0x000000076b780000,0x000000076b780000,0x0000000773680000)
  from space 10752K, 0% used [0x0000000774100000,0x0000000774100000,0x0000000774b80000)
  to   space 10752K, 0% used [0x0000000773680000,0x0000000773680000,0x0000000774100000)
 ParOldGen       total 87552K, used 7344K [0x00000006c2600000, 0x00000006c7b80000, 0x000000076b780000)
  object space 87552K, 8% used [0x00000006c2600000,0x00000006c2d2c1d8,0x00000006c7b80000)
 Metaspace       used 20571K, capacity 21222K, committed 21296K, reserved 1067008K
  class space    used 2703K, capacity 2892K, committed 2944K, reserved 1048576K
}

